<?xml version="1.0" encoding="UTF-8"?>
<testsuite name="com.ridango.game.api.controller.CocktailControllerTest" tests="5" skipped="0" failures="0" errors="0" timestamp="2024-09-17T10:49:38" hostname="DESKTOP-KV5GQT6" time="0.245">
  <properties/>
  <testcase name="testPlayGame()" classname="com.ridango.game.api.controller.CocktailControllerTest" time="0.216"/>
  <testcase name="testGetHello()" classname="com.ridango.game.api.controller.CocktailControllerTest" time="0.006"/>
  <testcase name="testCreateGame()" classname="com.ridango.game.api.controller.CocktailControllerTest" time="0.005"/>
  <testcase name="testGetCocktailById()" classname="com.ridango.game.api.controller.CocktailControllerTest" time="0.005"/>
  <testcase name="testGetAllCocktails()" classname="com.ridango.game.api.controller.CocktailControllerTest" time="0.007"/>
  <system-out><![CDATA[13:49:36.795 [Test worker] INFO org.springframework.test.context.support.AnnotationConfigContextLoaderUtils -- Could not detect default configuration classes for test class [com.ridango.game.api.controller.CocktailControllerTest]: CocktailControllerTest does not declare any static, non-private, non-final, nested classes annotated with @Configuration.
13:49:36.938 [Test worker] INFO org.springframework.boot.test.context.SpringBootTestContextBootstrapper -- Found @SpringBootConfiguration com.ridango.game.CocktailGameApplication for test class com.ridango.game.api.controller.CocktailControllerTest

  .   ____          _            __ _ _
 /\\ / ___'_ __ _ _(_)_ __  __ _ \ \ \ \
( ( )\___ | '_ | '_| | '_ \/ _` | \ \ \ \
 \\/  ___)| |_)| | | | | || (_| |  ) ) ) )
  '  |____| .__|_| |_|_| |_\__, | / / / /
 =========|_|==============|___/=/_/_/_/
 :: Spring Boot ::                (v3.2.5)

2024-09-17T13:49:37.275+03:00  INFO 1648 --- [    Test worker] c.r.g.a.c.CocktailControllerTest         : Starting CocktailControllerTest using Java 21.0.1 with PID 1648 (started by Ilja in C:\Users\Ilja\Desktop\assignment_cocktail_game)
2024-09-17T13:49:37.276+03:00  INFO 1648 --- [    Test worker] c.r.g.a.c.CocktailControllerTest         : No active profile set, falling back to 1 default profile: "default"
2024-09-17T13:49:38.914+03:00  INFO 1648 --- [    Test worker] o.s.b.t.m.w.SpringBootMockServletContext : Initializing Spring TestDispatcherServlet ''
2024-09-17T13:49:38.914+03:00  INFO 1648 --- [    Test worker] o.s.t.web.servlet.TestDispatcherServlet  : Initializing Servlet ''
2024-09-17T13:49:38.916+03:00  INFO 1648 --- [    Test worker] o.s.t.web.servlet.TestDispatcherServlet  : Completed initialization in 1 ms
2024-09-17T13:49:38.944+03:00  INFO 1648 --- [    Test worker] c.r.g.a.c.CocktailControllerTest         : Started CocktailControllerTest in 1.932 seconds (process running for 2.952)
]]></system-out>
  <system-err><![CDATA[WARNING: A Java agent has been loaded dynamically (C:\Users\Ilja\.gradle\caches\modules-2\files-2.1\net.bytebuddy\byte-buddy-agent\1.14.13\979ce25f7d3096a2e82214ba7dc972a05ce7a171\byte-buddy-agent-1.14.13.jar)
WARNING: If a serviceability tool is in use, please run with -XX:+EnableDynamicAgentLoading to hide this warning
WARNING: If a serviceability tool is not in use, please run with -Djdk.instrument.traceUsage for more information
WARNING: Dynamic loading of agents will be disallowed by default in a future release
]]></system-err>
</testsuite>
